<?xml version="1.0" encoding="UTF-8"?>
<!-- Generated by org.testng.reporters.JUnitXMLReporter -->
<testsuite ignored="0" hostname="DESKTOP-6T53VPF" failures="1" tests="2" name="Surefire test" time="10.97" errors="0" timestamp="2026-01-21T17:32:18 IST">
  <testcase classname="io.cucumber.testng.AbstractTestNGCucumberTests" name="runScenario" time="7.652"/>
  <testcase classname="io.cucumber.testng.AbstractTestNGCucumberTests" name="runScenario" time="2.571">
    <failure type="java.lang.NullPointerException" message="Cannot invoke &amp;quot;Object.toString()&amp;quot; because the return value of &amp;quot;io.restassured.path.json.JsonPath.get(String)&amp;quot; is null">
      <![CDATA[java.lang.NullPointerException: Cannot invoke "Object.toString()" because the return value of "io.restassured.path.json.JsonPath.get(String)" is null
at Utility.BaseClass.getJsonPathValue(BaseClass.java:55)
at stepDefination.StepDefination.in_response_is(StepDefination.java:58)
at ✽."status" in response is "OK"(file:///C:/Users/MOHAMMED-PC/eclipse-workspace/GoogleMapsAPI/src/test/resources/Features/AddPlaceAPI.feature:27)
]]>
    </failure>
  </testcase> <!-- runScenario -->
</testsuite> <!-- Surefire test -->
