<?xml version="1.0" encoding="UTF-8"?>
<testsuite xmlns:xsi="http://www.w3.org/2001/XMLSchema-instance" xsi:noNamespaceSchemaLocation="https://maven.apache.org/surefire/maven-surefire-plugin/xsd/surefire-test-report-3.0.xsd" version="3.0" name="TestSuite" time="11.439" tests="2" errors="0" skipped="0" failures="1">
  <properties>
[...]
</properties>
  <testcase name="runScenario[&quot;Add Place API&quot;, &quot;Handling Google maps API&quot;](1)" classname="runner.TestRunner" time="7.652">
    <system-out><![CDATA[
@AddPlace
Scenario Outline: Add Place API                                                    # src/test/resources/Features/AddPlaceAPI.feature:19
  ✔ Given Perapre payload with "name1" "English" "Hyd1"                            # stepDefination.StepDefination.perapre_payload_with(java.lang.String,java.lang.String,java.lang.String)
  ✔ When User Call "AddPlaceAPI" and with "POST"                                   # stepDefination.StepDefination.user_call_and_with(java.lang.String,java.lang.String)
  ✔ Then the API call got success with status code "200"                           # stepDefination.StepDefination.the_api_call_got_success_with_status_code(java.lang.String)
  ✔ And "status" in response is "OK"                                               # stepDefination.StepDefination.in_response_is(java.lang.String,java.lang.String)
  ✔ And "scope" in response body is "APP"                                          # stepDefination.StepDefination.in_response_body_is(java.lang.String,java.lang.String)
{"status":"OK","place_id":"d68ab3ab90e37173ddb2b90e7da60c18","scope":"APP","reference":"92dc11f2b90f597b9bccabae8dce79df92dc11f2b90f597b9bccabae8dce79df","id":"92dc11f2b90f597b9bccabae8dce79df"}
response1 :   {"location":{"latitude":"-38.383494","longitude":"33.427362"},"accuracy":"50","name":"name1","phone_number":"(+91)9838933937","address":"Hyd1","types":"shoe park,shop","website":"http:\/\/google.com","language":"English"}
  ✔ And verify place_Id created maps to "name1" using "GetPlaceAPI" and with "GET" # stepDefination.StepDefination.verify_place_id_created_maps_to_using_and_with(java.lang.String,java.lang.String,java.lang.String)
]]></system-out>
    <system-err><![CDATA[SLF4J(W): No SLF4J providers were found.
SLF4J(W): Defaulting to no-operation (NOP) logger implementation
SLF4J(W): See https://www.slf4j.org/codes.html#noProviders for further details.
Jan 21, 2026 5:32:07 PM io.cucumber.core.options.CucumberPropertiesParser lambda$warnWhenCucumberOptionsIsUsed$2
WARNING: Passing commandline options via the property 'cucumber.options' is no longer supported. Please use individual properties instead. See the java doc on io.cucumber.core.options.Constants for details.
]]></system-err>
  </testcase>
  <testcase name="runScenario[&quot;Delete payload&quot;, &quot;Handling Google maps API&quot;](2)" classname="runner.TestRunner" time="2.569">
    <failure message="Cannot invoke &quot;Object.toString()&quot; because the return value of &quot;io.restassured.path.json.JsonPath.get(String)&quot; is null" type="java.lang.NullPointerException"><![CDATA[java.lang.NullPointerException: Cannot invoke "Object.toString()" because the return value of "io.restassured.path.json.JsonPath.get(String)" is null
	at Utility.BaseClass.getJsonPathValue(BaseClass.java:55)
	at stepDefination.StepDefination.in_response_is(StepDefination.java:58)
	at ✽."status" in response is "OK"(file:///C:/Users/MOHAMMED-PC/eclipse-workspace/GoogleMapsAPI/src/test/resources/Features/AddPlaceAPI.feature:27)
]]></failure>
    <system-out><![CDATA[
@DeletePlace
Scenario: Delete payload                                     # src/test/resources/Features/AddPlaceAPI.feature:24
  ✔ Given Delete Payload                                     # stepDefination.StepDefination.delete_payload()
  ✔ When Delete place using "DeletePlaceAPI" and with "POST" # stepDefination.StepDefination.delete_place_using_and_with(java.lang.String,java.lang.String)
  ✘ Then "status" in response is "OK"                        # stepDefination.StepDefination.in_response_is(java.lang.String,java.lang.String)
        java.lang.NullPointerException: Cannot invoke "Object.toString()" because the return value of "io.restassured.path.json.JsonPath.get(String)" is null
        	at Utility.BaseClass.getJsonPathValue(BaseClass.java:55)
        	at stepDefination.StepDefination.in_response_is(StepDefination.java:58)
        	at ✽."status" in response is "OK"(file:///C:/Users/MOHAMMED-PC/eclipse-workspace/GoogleMapsAPI/src/test/resources/Features/AddPlaceAPI.feature:27)
]]></system-out>
  </testcase>
</testsuite>