<?xml version="1.0" encoding="UTF-8"?>
<!-- Generated by org.testng.reporters.JUnitReportReporter -->
<testsuite hostname="DESKTOP-6T53VPF" failures="0" tests="2" name="runner.TestRunner" time="10.223" errors="1" timestamp="2026-01-21T17:32:18 IST" skipped="0">
  <testcase classname="runner.TestRunner" name="runScenario" time="2.571">
    <error message="Cannot invoke &quot;Object.toString()&quot; because the return value of &quot;io.restassured.path.json.JsonPath.get(String)&quot; is null" type="java.lang.NullPointerException">
      <![CDATA[java.lang.NullPointerException: Cannot invoke "Object.toString()" because the return value of "io.restassured.path.json.JsonPath.get(String)" is null
at Utility.BaseClass.getJsonPathValue(BaseClass.java:55)
at stepDefination.StepDefination.in_response_is(StepDefination.java:58)
at ✽."status" in response is "OK"(file:///C:/Users/MOHAMMED-PC/eclipse-workspace/GoogleMapsAPI/src/test/resources/Features/AddPlaceAPI.feature:27)
]]>
    </error>
  </testcase> <!-- runScenario -->
  <testcase classname="runner.TestRunner" name="runScenario" time="7.652"/>
</testsuite> <!-- runner.TestRunner -->
